[debug] [2026-03-22T11:33:11.595Z] ----------------------------------------------------------------------
[debug] [2026-03-22T11:33:11.600Z] Command:       D:\node.exe C:\Users\84904\AppData\Local\npm-cache\_npx\7750544ccf494d8b\node_modules\firebase-tools\lib\bin\firebase.js deploy
[debug] [2026-03-22T11:33:11.601Z] CLI Version:   15.11.0
[debug] [2026-03-22T11:33:11.601Z] Platform:      win32
[debug] [2026-03-22T11:33:11.602Z] Node Version:  v25.8.1
[debug] [2026-03-22T11:33:11.602Z] Time:          Sun Mar 22 2026 18:33:11 GMT+0700 (Indochina Time)
[debug] [2026-03-22T11:33:11.603Z] ----------------------------------------------------------------------
[debug] 
[debug] [2026-03-22T11:33:56.312Z] > command requires scopes: ["email","openid","https://www.googleapis.com/auth/cloudplatformprojects.readonly","https://www.googleapis.com/auth/firebase","https://www.googleapis.com/auth/cloud-platform"]
[debug] [2026-03-22T11:33:56.312Z] > authorizing via signed-in user (trantuandung02@gmail.com)
[debug] [2026-03-22T11:33:56.313Z] [iam] checking project studypartner-d6205 for permissions ["firebase.projects.get","firebasehosting.sites.update"]
[debug] [2026-03-22T11:33:56.314Z] Checked if tokens are valid: false, expires at: 1774154187806
[debug] [2026-03-22T11:33:56.315Z] Checked if tokens are valid: false, expires at: 1774154187806
[debug] [2026-03-22T11:33:56.315Z] > refreshing access token with scopes: []
[debug] [2026-03-22T11:33:56.325Z] >>> [apiv2][query] POST https://www.googleapis.com/oauth2/v3/token [none]
[debug] [2026-03-22T11:33:56.326Z] >>> [apiv2][body] POST https://www.googleapis.com/oauth2/v3/token [omitted]
[debug] [2026-03-22T11:34:07.429Z] *** [apiv2] error from fetch(https://www.googleapis.com/oauth2/v3/token, {"headers":{},"method":"POST","body":{"_overheadLength":545,"_valueLength":212,"_valuesToMeasure":[],"writable":false,"readable":true,"dataSize":0,"maxDataSize":2097152,"pauseStreams":true,"_released":true,"_streams":[],"_currentStream":null,"_insideLoop":false,"_pendingNext":false,"_boundary":"--------------------------16417de7be86c6e0446e49f7","_events":{},"_eventsCount":1}}): FetchError: request to https://www.googleapis.com/oauth2/v3/token failed, reason: getaddrinfo ENOTFOUND www.googleapis.com
[error] Authentication Error: Your credentials are no longer valid. Please run firebase login --reauth

For CI servers and headless environments, generate a new token with firebase login:ci
[debug] [2026-03-22T11:34:07.436Z] [iam] error while checking permissions, command may fail: Authentication Error: Your credentials are no longer valid. Please run firebase login --reauth

For CI servers and headless environments, generate a new token with firebase login:ci
[debug] [2026-03-22T11:34:07.438Z] Checked if tokens are valid: false, expires at: 1774154187806
[debug] [2026-03-22T11:34:07.438Z] Checked if tokens are valid: false, expires at: 1774154187806
[debug] [2026-03-22T11:34:07.438Z] > refreshing access token with scopes: []
[debug] [2026-03-22T11:34:07.439Z] >>> [apiv2][query] POST https://www.googleapis.com/oauth2/v3/token [none]
[debug] [2026-03-22T11:34:07.440Z] >>> [apiv2][body] POST https://www.googleapis.com/oauth2/v3/token [omitted]
[debug] [2026-03-22T11:34:07.453Z] *** [apiv2] error from fetch(https://www.googleapis.com/oauth2/v3/token, {"headers":{},"method":"POST","body":{"_overheadLength":545,"_valueLength":212,"_valuesToMeasure":[],"writable":false,"readable":true,"dataSize":0,"maxDataSize":2097152,"pauseStreams":true,"_released":true,"_streams":[],"_currentStream":null,"_insideLoop":false,"_pendingNext":false,"_boundary":"--------------------------78bb84a0d1668aa498763fb2","_events":{},"_eventsCount":1}}): FetchError: request to https://www.googleapis.com/oauth2/v3/token failed, reason: getaddrinfo ENOTFOUND www.googleapis.com
[error] Authentication Error: Your credentials are no longer valid. Please run firebase login --reauth

For CI servers and headless environments, generate a new token with firebase login:ci
[debug] [2026-03-22T11:34:07.454Z] Authentication Error: Your credentials are no longer valid. Please run firebase login --reauth

For CI servers and headless environments, generate a new token with firebase login:ci
[error] 
[error] Error: Assertion failed: resolving hosting target of a site with no site name or target name. This should have caused an error earlier
